katrain\common\locale_utils.py:81: error: Incompatible return value type (got "str", expected "Literal['en', 'jp']")  [return-value]
katrain\common\locale_utils.py:111: error: Incompatible return value type (got "str", expected "Literal['en', 'ja']")  [return-value]
katrain\common\config_store.py:88: error: Signature of "get" incompatible with supertype "typing.Mapping"  [override]
katrain\common\config_store.py:88: note:      Superclass:
katrain\common\config_store.py:88: note:          @overload
katrain\common\config_store.py:88: note:          def get(self, Any, /) -> Optional[Any]
katrain\common\config_store.py:88: note:          @overload
katrain\common\config_store.py:88: note:          def get(self, Any, /, default: Any) -> Any
katrain\common\config_store.py:88: note:          @overload
katrain\common\config_store.py:88: note:          def [_T] get(self, Any, /, default: _T) -> Union[Any, _T]
katrain\common\config_store.py:88: note:      Subclass:
katrain\common\config_store.py:88: note:          def get(self, key: str) -> Optional[dict[str, Any]]
katrain\common\config_store.py:139: error: Return type "Iterator[str]" of "keys" incompatible with return type "KeysView[Any]" in supertype "typing.Mapping"  [override]
katrain\common\typed_config\writer.py:109: error: Returning Any from function declared to return "EngineConfig"  [no-any-return]
katrain\common\typed_config\writer.py:124: error: Returning Any from function declared to return "TrainerConfig"  [no-any-return]
katrain\common\typed_config\writer.py:139: error: Returning Any from function declared to return "LeelaConfig"  [no-any-return]
katrain\common\typed_config\writer.py:186: error: "type[DataclassInstance]" has no attribute "from_dict"  [attr-defined]
katrain\core\utils.py:18: error: Need type annotation for "grid"  [var-annotated]
katrain\core\utils.py:42: error: Need type annotation for "PATHS" (hint: "PATHS: dict[<type>, <type>] = ...")  [var-annotated]
katrain\core\leela\engine.py:155: error: Item "None" of "Optional[IO[Any]]" has no attribute "write"  [union-attr]
katrain\core\leela\engine.py:156: error: Item "None" of "Optional[IO[Any]]" has no attribute "flush"  [union-attr]
katrain\core\leela\engine.py:212: error: Item "None" of "Optional[IO[Any]]" has no attribute "write"  [union-attr]
katrain\core\leela\engine.py:213: error: Item "None" of "Optional[IO[Any]]" has no attribute "flush"  [union-attr]
katrain\core\leela\engine.py:360: error: Item "None" of "Optional[IO[Any]]" has no attribute "readline"  [union-attr]
katrain\common\settings_export.py:202: error: Returning Any from function declared to return "dict[str, Any]"  [no-any-return]
katrain\core\auto_setup.py:68: error: Returning Any from function declared to return "dict[Any, Any]"  [no-any-return]
katrain\core\auto_setup.py:291: error: Returning Any from function declared to return "Optional[str]"  [no-any-return]
katrain\core\sgf_parser.py:171: error: "object" has no attribute "children"  [attr-defined]
katrain\core\sgf_parser.py:172: error: "object" has no attribute "children"  [attr-defined]
katrain\core\sgf_parser.py:173: error: "object" has no attribute "children"  [attr-defined]
katrain\core\sgf_parser.py:174: error: "object" has no attribute "ordered_children"  [attr-defined]
katrain\core\sgf_parser.py:206: error: Returning Any from function declared to return "Optional[SGFNode]"  [no-any-return]
katrain\core\sgf_parser.py:219: error: Returning Any from function declared to return "SGFNode"  [no-any-return]
katrain\core\sgf_parser.py:229: error: Item "None" of "Optional[SGFNode]" has no attribute "depth"  [union-attr]
katrain\core\sgf_parser.py:230: error: Returning Any from function declared to return "int"  [no-any-return]
katrain\core\sgf_parser.py:263: error: Returning Any from function declared to return "str"  [no-any-return]
katrain\core\sgf_parser.py:274: error: Returning Any from function declared to return "list[Move]"  [no-any-return]
katrain\core\sgf_parser.py:307: error: Returning Any from function declared to return "list[Move]"  [no-any-return]
katrain\core\sgf_parser.py:315: error: Missing return statement  [return]
katrain\core\sgf_parser.py:329: error: Incompatible return value type (got "Union[Literal[False], Move, Any, None]", expected "bool")  [return-value]
katrain\core\sgf_parser.py:353: error: Incompatible types in assignment (expression has type "Optional[SGFNode]", variable has type "SGFNode")  [assignment]
katrain\core\sgf_parser.py:361: error: Returning Any from function declared to return "SGFNode"  [no-any-return]
katrain\core\sgf_parser.py:457: error: Returning Any from function declared to return "SGFNode"  [no-any-return]
katrain\core\sgf_parser.py:484: error: Returning Any from function declared to return "SGFNode"  [no-any-return]
katrain\core\sgf_parser.py:486: error: Returning Any from function declared to return "SGFNode"  [no-any-return]
katrain\core\game_node.py:291: error: "SGFNode" has no attribute "update_move_analysis"  [attr-defined]
katrain\core\game_node.py:318: error: Missing return statement  [return]
katrain\core\game_node.py:320: error: Returning Any from function declared to return "Optional[float]"  [no-any-return]
katrain\core\game_node.py:330: error: Missing return statement  [return]
katrain\core\game_node.py:332: error: Returning Any from function declared to return "Optional[float]"  [no-any-return]
katrain\core\game_node.py:344: error: "SGFNode" has no attribute "policy_ranking"  [attr-defined]
katrain\core\game_node.py:424: error: Missing return statement  [return]
katrain\core\game_node.py:426: error: "SGFNode" has no attribute "analysis_exists"  [attr-defined]
katrain\core\game_node.py:427: error: "SGFNode" has no attribute "score"  [attr-defined]
katrain\core\game_node.py:429: error: Returning Any from function declared to return "Optional[float]"  [no-any-return]
katrain\core\game_node.py:432: error: Missing return statement  [return]
katrain\core\game_node.py:439: error: "SGFNode" has no attribute "analysis_exists"  [attr-defined]
katrain\core\game_node.py:441: error: "SGFNode" has no attribute "score"  [attr-defined]
katrain\core\game_node.py:443: error: Returning Any from function declared to return "Optional[float]"  [no-any-return]
katrain\core\game_node.py:486: error: Missing return statement  [return]
katrain\core\engine.py:41: error: Returning Any from function declared to return "str"  [no-any-return]
katrain\core\engine.py:815: error: Returning Any from function declared to return "int"  [no-any-return]
katrain\core\engine.py:827: error: Returning Any from function declared to return "bool"  [no-any-return]
katrain\core\engine.py:887: error: Incompatible default for argument "visits" (default has type "None", argument has type "int")  [assignment]
katrain\core\engine.py:887: note: PEP 484 prohibits implicit Optional. Accordingly, mypy has changed its default to no_implicit_optional=True
katrain\core\engine.py:887: note: Use https://github.com/hauntsaninja/no_implicit_optional to automatically upgrade your codebase
katrain\core\engine.py:940: error: Argument "next_move" to "build_analysis_query" has incompatible type "Optional[GameNode]"; expected "Optional[Move]"  [arg-type]
katrain\core\analysis\skill_radar.py:613: error: Returning Any from function declared to return "SkillTier"  [no-any-return]
katrain\core\analysis\skill_radar.py:617: error: Returning Any from function declared to return "float"  [no-any-return]
katrain\core\analysis\meaning_tags\classifier.py:218: error: Returning Any from function declared to return "Optional[int]"  [no-any-return]
katrain\core\analysis\logic.py:1107: error: Returning Any from function declared to return "Optional[int]"  [no-any-return]
katrain\core\analysis\logic.py:1112: error: Returning Any from function declared to return "Optional[int]"  [no-any-return]
katrain\core\engine_cmd\executor.py:155: error: Argument 1 to "pop" of "dict" has incompatible type "Optional[str]"; expected "str"  [arg-type]
katrain\core\analysis\risk\analyzer.py:88: error: Returning Any from function declared to return "Optional[float]"  [no-any-return]
katrain\core\analysis\risk\analyzer.py:105: error: Returning Any from function declared to return "Optional[float]"  [no-any-return]
katrain\core\analysis\risk\analyzer.py:122: error: Returning Any from function declared to return "Optional[float]"  [no-any-return]
katrain\core\analysis\risk\analyzer.py:143: error: Returning Any from function declared to return "Optional[Literal['B', 'W']]"  [no-any-return]
katrain\core\reports\karte\sections\context.py:20: error: Module "katrain.core.eval_metrics" has no attribute "AutoStrictnessResult"  [attr-defined]
katrain\core\analysis\critical_moves.py:341: error: Returning Any from function declared to return "Optional[float]"  [no-any-return]
katrain\core\analysis\board_context.py:113: error: Returning Any from function declared to return "Optional[list[float]]"  [no-any-return]
katrain\core\analysis\cluster_classifier.py:237: error: Argument 1 to "add" of "set" has incompatible type "tuple[int, int, Optional[str]]"; expected "tuple[int, int, str]"  [arg-type]
katrain\core\analysis\cluster_classifier.py:788: error: Argument 1 to "compute_stones_at_node" has incompatible type "SGFNode"; expected "GameNode"  [arg-type]
katrain\core\analysis\cluster_classifier.py:794: error: Argument 2 to "build_classification_context" has incompatible type "SGFNode"; expected "GameNode"  [arg-type]
katrain\core\analysis\cluster_classifier.py:803: error: Argument 1 to "extract_clusters_from_nodes" has incompatible type "SGFNode"; expected "GameNode"  [arg-type]
katrain\core\analysis\__init__.py:383: error: Incompatible import of "compute_confidence" (imported name has type "Callable[[ClusterSemantics, float, int], float]", local name has type "Callable[[float, float], float]")  [assignment]
katrain\core\batch\stats\pattern_miner.py:329: error: "object" has no attribute "moves"  [attr-defined]
katrain\core\batch\stats\pattern_miner.py:331: error: "object" has no attribute "moves"  [attr-defined]
katrain\core\board_analysis.py:241: error: Need type annotation for "adjacent_groups" (hint: "adjacent_groups: dict[<type>, <type>] = ...")  [var-annotated]
katrain\core\board_analysis.py:294: error: Need type annotation for "adjacent_groups" (hint: "adjacent_groups: dict[<type>, <type>] = ...")  [var-annotated]
katrain\core\board_analysis.py:389: error: Need type annotation for "tags" (hint: "tags: list[<type>] = ...")  [var-annotated]
katrain\core\reports\karte\sections\metadata.py:19: error: Module "katrain.core.eval_metrics" has no attribute "AutoStrictnessResult"  [attr-defined]
katrain\core\reports\summary_report.py:194: error: Incompatible default for argument "confidence_level" (default has type "None", argument has type "ConfidenceLevel")  [assignment]
katrain\core\reports\summary_report.py:194: note: PEP 484 prohibits implicit Optional. Accordingly, mypy has changed its default to no_implicit_optional=True
katrain\core\reports\summary_report.py:194: note: Use https://github.com/hauntsaninja/no_implicit_optional to automatically upgrade your codebase
katrain\core\reports\summary_report.py:445: error: Incompatible default for argument "confidence_level" (default has type "None", argument has type "ConfidenceLevel")  [assignment]
katrain\core\reports\summary_report.py:445: note: PEP 484 prohibits implicit Optional. Accordingly, mypy has changed its default to no_implicit_optional=True
katrain\core\reports\summary_report.py:445: note: Use https://github.com/hauntsaninja/no_implicit_optional to automatically upgrade your codebase
katrain\core\reports\summary_report.py:531: error: Incompatible default for argument "confidence_level" (default has type "None", argument has type "ConfidenceLevel")  [assignment]
katrain\core\reports\summary_report.py:531: note: PEP 484 prohibits implicit Optional. Accordingly, mypy has changed its default to no_implicit_optional=True
katrain\core\reports\summary_report.py:531: note: Use https://github.com/hauntsaninja/no_implicit_optional to automatically upgrade your codebase
katrain\core\reports\summary_report.py:603: error: Incompatible default for argument "confidence_level" (default has type "None", argument has type "ConfidenceLevel")  [assignment]
katrain\core\reports\summary_report.py:603: note: PEP 484 prohibits implicit Optional. Accordingly, mypy has changed its default to no_implicit_optional=True
katrain\core\reports\summary_report.py:603: note: Use https://github.com/hauntsaninja/no_implicit_optional to automatically upgrade your codebase
katrain\core\batch\stats\formatting.py:66: error: Function "builtins.any" is not valid as a type  [valid-type]
katrain\core\batch\stats\formatting.py:66: note: Perhaps you meant "typing.Any" instead of "any"?
katrain\core\game.py:78: error: Incompatible default for argument "move_tree" (default has type "None", argument has type "GameNode")  [assignment]
katrain\core\game.py:78: note: PEP 484 prohibits implicit Optional. Accordingly, mypy has changed its default to no_implicit_optional=True
katrain\core\game.py:78: note: Use https://github.com/hauntsaninja/no_implicit_optional to automatically upgrade your codebase
katrain\core\game.py:147: note: By default the bodies of untyped functions are not checked, consider using --check-untyped-defs  [annotation-unchecked]
katrain\core\game.py:150: note: By default the bodies of untyped functions are not checked, consider using --check-untyped-defs  [annotation-unchecked]
katrain\core\game.py:151: note: By default the bodies of untyped functions are not checked, consider using --check-untyped-defs  [annotation-unchecked]
katrain\core\game.py:152: note: By default the bodies of untyped functions are not checked, consider using --check-untyped-defs  [annotation-unchecked]
katrain\core\game.py:189: error: Value of type "Optional[tuple[int, int]]" is not indexable  [index]
katrain\core\game.py:204: error: Value of type "Optional[tuple[int, int]]" is not indexable  [index]
katrain\core\game.py:237: error: Value of type "Optional[tuple[int, int]]" is not indexable  [index]
katrain\core\game.py:245: error: Cannot determine type of "current_node"  [has-type]
katrain\core\game.py:254: error: Incompatible types in assignment (expression has type "SGFNode", variable has type "GameNode")  [assignment]
katrain\core\game.py:477: error: Incompatible default for argument "move_tree" (default has type "None", argument has type "GameNode")  [assignment]
katrain\core\game.py:477: note: PEP 484 prohibits implicit Optional. Accordingly, mypy has changed its default to no_implicit_optional=True
katrain\core\game.py:477: note: Use https://github.com/hauntsaninja/no_implicit_optional to automatically upgrade your codebase
katrain\core\ai_strategies_base.py:56: error: Argument 1 to "interp_ix" has incompatible type "tuple[Any, ...]"; expected "list[Any]"  [arg-type]
katrain\core\ai_strategies_base.py:57: error: Returning Any from function declared to return "float"  [no-any-return]
katrain\core\ai_strategies_base.py:65: error: Returning Any from function declared to return "float"  [no-any-return]
katrain\core\ai.py:71: error: Returning Any from function declared to return "int"  [no-any-return]
katrain\core\ai.py:73: error: Returning Any from function declared to return "int"  [no-any-return]
katrain\core\ai.py:79: error: Argument 1 to "interp1d" has incompatible type "list[tuple[float, int]]"; expected "list[tuple[float, float]]"  [arg-type]
katrain\core\ai.py:79: note: "list" is invariant -- see https://mypy.readthedocs.io/en/stable/common_issues.html#variance
katrain\core\ai.py:79: note: Consider using "Sequence" instead, which is covariant
katrain\core\ai.py:81: error: Argument 1 to "interp2d" has incompatible type "list[object]"; expected "tuple[Any, ...]"  [arg-type]
katrain\core\ai.py:83: error: Argument 1 to "interp2d" has incompatible type "list[object]"; expected "tuple[Any, ...]"  [arg-type]
katrain\core\ai.py:85: error: Argument 1 to "interp2d" has incompatible type "list[object]"; expected "tuple[Any, ...]"  [arg-type]
katrain\core\ai.py:87: error: Argument 1 to "interp2d" has incompatible type "list[object]"; expected "tuple[Any, ...]"  [arg-type]
katrain\core\ai.py:89: error: Argument 1 to "interp2d" has incompatible type "list[object]"; expected "tuple[Any, ...]"  [arg-type]
katrain\core\ai.py:91: error: Argument 1 to "interp1d" has incompatible type "list[tuple[float, int]]"; expected "list[tuple[float, float]]"  [arg-type]
katrain\core\ai.py:91: note: "list" is invariant -- see https://mypy.readthedocs.io/en/stable/common_issues.html#variance
katrain\core\ai.py:91: note: Consider using "Sequence" instead, which is covariant
katrain\core\ai.py:92: error: Incompatible return value type (got "float", expected "int")  [return-value]
katrain\core\ai.py:94: error: Incompatible return value type (got "float", expected "int")  [return-value]
katrain\core\ai.py:178: error: Unexpected keyword argument "is_pass" for "Move"  [call-arg]
katrain\core\sgf_parser.py:68: note: "Move" defined here
katrain\core\ai.py:293: error: Unexpected keyword argument "is_pass" for "Move"  [call-arg]
katrain\core\ai.py:345: error: Unexpected keyword argument "is_pass" for "Move"  [call-arg]
katrain\core\ai.py:531: error: Unexpected keyword argument "is_pass" for "Move"  [call-arg]
katrain\core\ai.py:604: error: Unexpected keyword argument "is_pass" for "Move"  [call-arg]
katrain\core\ai.py:949: error: Returning Any from function declared to return "tuple[Move, str]"  [no-any-return]
katrain\core\ai.py:1443: error: "object" has no attribute "is_valid"  [attr-defined]
katrain\core\ai.py:1444: error: "object" has no attribute "parse_error"  [attr-defined]
katrain\core\ai.py:1449: error: "object" has no attribute "best_candidate"  [attr-defined]
katrain\core\base_katrain.py:149: error: Returning Any from function declared to return "StateNotifier"  [no-any-return]
katrain\core\base_katrain.py:164: error: Returning Any from function declared to return "list[str]"  [no-any-return]
katrain\core\base_katrain.py:260: error: Returning Any from function declared to return "EngineConfig"  [no-any-return]
katrain\core\base_katrain.py:268: error: Returning Any from function declared to return "TrainerConfig"  [no-any-return]
katrain\core\base_katrain.py:276: error: Returning Any from function declared to return "LeelaConfig"  [no-any-return]
katrain\core\base_katrain.py:290: error: Returning Any from function declared to return "EngineConfig"  [no-any-return]
katrain\core\base_katrain.py:304: error: Returning Any from function declared to return "TrainerConfig"  [no-any-return]
katrain\core\base_katrain.py:318: error: Returning Any from function declared to return "LeelaConfig"  [no-any-return]
katrain\core\base_katrain.py:340: error: Returning Any from function declared to return "Player"  [no-any-return]
katrain\core\base_katrain.py:344: error: Returning Any from function declared to return "Player"  [no-any-return]
katrain\core\smart_kifu\logic.py:220: error: Argument 1 to "iter_main_branch_nodes" has incompatible type "SGFNode"; expected "GameNode"  [arg-type]
katrain\core\curator\scoring.py:47: error: Returning Any from function declared to return "str"  [no-any-return]
katrain\core\curator\scoring.py:215: error: Incompatible types in assignment (expression has type "Optional[Any]", variable has type "GameNode")  [assignment]
katrain\core\beginner\detector.py:235: error: Argument 3 to "find_connect_points" has incompatible type "dict[Any, int]"; expected "dict[int, float]"  [arg-type]
katrain\core\analysis\engine_compare.py:264: error: Returning Any from function declared to return "Optional[float]"  [no-any-return]
katrain\core\analysis\engine_compare.py:334: error: Returning Any from function declared to return "Optional[float]"  [no-any-return]
katrain\core\batch\analysis.py:289: error: Argument "engine" to "Game" has incompatible type "_DummyEngine"; expected "Union[dict[Any, Any], KataGoEngine]"  [arg-type]
katrain\core\batch\analysis.py:309: error: Incompatible types in assignment (expression has type "Optional[Any]", variable has type "GameNode")  [assignment]
katrain\core\batch\analysis.py:331: error: Item "None" of "Optional[Move]" has no attribute "gtp"  [union-attr]
katrain\core\batch\analysis.py:398: error: Item "None" of "Optional[Move]" has no attribute "gtp"  [union-attr]
katrain\core\smart_kifu\io.py:251: error: Name "BucketProfile" is not defined  [name-defined]
katrain\core\smart_kifu\io.py:268: error: Name "BucketProfile" is not defined  [name-defined]
katrain\core\smart_kifu\io.py:401: error: Incompatible types in assignment (expression has type "int", target has type "None")  [assignment]
katrain\core\smart_kifu\io.py:406: error: Incompatible types in assignment (expression has type "int", target has type "None")  [assignment]
katrain\core\smart_kifu\io.py:408: error: Incompatible types in assignment (expression has type "int", target has type "None")  [assignment]
katrain\core\smart_kifu\io.py:413: error: Incompatible types in assignment (expression has type "Union[str, Any]", target has type "None")  [assignment]
katrain\core\smart_kifu\io.py:417: error: Incompatible types in assignment (expression has type "int", target has type "None")  [assignment]
katrain\core\beginner\hints.py:318: error: "object" object is not iterable  [misc]
katrain\core\beginner\hints.py:319: error: Cannot determine type of "cached_require_reliable"  [has-type]
katrain\core\beginner\hints.py:320: error: Returning Any from function declared to return "Optional[BeginnerHint]"  [no-any-return]
katrain\core\beginner\hints.py:320: error: Cannot determine type of "cached_hint"  [has-type]
katrain\core\batch\orchestration.py:245: error: Need type annotation for "game_stats_list"  [var-annotated]
katrain\core\batch\orchestration.py:248: error: Incompatible types in assignment (expression has type "Optional[list[tuple[Any, ...]]]", variable has type "list[tuple[Any, ...]]")  [assignment]
katrain\core\batch\orchestration.py:358: error: Incompatible types in assignment (expression has type "Union[bool, Game, None]", variable has type "Union[bool, tuple[Optional[Game], EvalSnapshot]]")  [assignment]
katrain\core\batch\orchestration.py:373: error: Incompatible types in assignment (expression has type "Union[bool, tuple[Optional[Game], EvalSnapshot]]", variable has type "Optional[Game]")  [assignment]
katrain\core\batch\orchestration.py:376: error: Incompatible types in assignment (expression has type "Union[bool, tuple[Optional[Game], EvalSnapshot]]", variable has type "bool")  [assignment]
katrain\core\batch\orchestration.py:508: error: Item "None" of "Optional[list[Any]]" has no attribute "append"  [union-attr]
Found 152 errors in 37 files (checked 117 source files)
