katrain\common\locale_utils.py:81: error: Incompatible return value type (got "str", expected "Literal['en', 'jp']")  [return-value]
katrain\common\locale_utils.py:111: error: Incompatible return value type (got "str", expected "Literal['en', 'ja']")  [return-value]
katrain\common\config_store.py:88: error: Signature of "get" incompatible with supertype "typing.Mapping"  [override]
katrain\common\config_store.py:88: note:      Superclass:
katrain\common\config_store.py:88: note:          @overload
katrain\common\config_store.py:88: note:          def get(self, Any, /) -> Optional[Any]
katrain\common\config_store.py:88: note:          @overload
katrain\common\config_store.py:88: note:          def get(self, Any, /, default: Any) -> Any
katrain\common\config_store.py:88: note:          @overload
katrain\common\config_store.py:88: note:          def [_T] get(self, Any, /, default: _T) -> Union[Any, _T]
katrain\common\config_store.py:88: note:      Subclass:
katrain\common\config_store.py:88: note:          def get(self, key: str) -> Optional[dict[str, Any]]
katrain\common\config_store.py:139: error: Return type "Iterator[str]" of "keys" incompatible with return type "KeysView[Any]" in supertype "typing.Mapping"  [override]
katrain\core\utils.py:18: error: Need type annotation for "grid"  [var-annotated]
katrain\core\utils.py:42: error: Need type annotation for "PATHS" (hint: "PATHS: dict[<type>, <type>] = ...")  [var-annotated]
katrain\common\typed_config\writer.py:109: error: Returning Any from function declared to return "EngineConfig"  [no-any-return]
katrain\common\typed_config\writer.py:124: error: Returning Any from function declared to return "TrainerConfig"  [no-any-return]
katrain\common\typed_config\writer.py:139: error: Returning Any from function declared to return "LeelaConfig"  [no-any-return]
katrain\common\typed_config\writer.py:186: error: "type[DataclassInstance]" has no attribute "from_dict"  [attr-defined]
katrain\core\leela\engine.py:155: error: Item "None" of "Optional[IO[Any]]" has no attribute "write"  [union-attr]
katrain\core\leela\engine.py:156: error: Item "None" of "Optional[IO[Any]]" has no attribute "flush"  [union-attr]
katrain\core\leela\engine.py:212: error: Item "None" of "Optional[IO[Any]]" has no attribute "write"  [union-attr]
katrain\core\leela\engine.py:213: error: Item "None" of "Optional[IO[Any]]" has no attribute "flush"  [union-attr]
katrain\core\leela\engine.py:360: error: Item "None" of "Optional[IO[Any]]" has no attribute "readline"  [union-attr]
katrain\core\sgf_parser.py:171: error: "object" has no attribute "children"  [attr-defined]
katrain\core\sgf_parser.py:172: error: "object" has no attribute "children"  [attr-defined]
katrain\core\sgf_parser.py:173: error: "object" has no attribute "children"  [attr-defined]
katrain\core\sgf_parser.py:174: error: "object" has no attribute "ordered_children"  [attr-defined]
katrain\core\sgf_parser.py:206: error: Returning Any from function declared to return "Optional[SGFNode]"  [no-any-return]
katrain\core\sgf_parser.py:219: error: Returning Any from function declared to return "SGFNode"  [no-any-return]
katrain\core\sgf_parser.py:229: error: Item "None" of "Optional[SGFNode]" has no attribute "depth"  [union-attr]
katrain\core\sgf_parser.py:230: error: Returning Any from function declared to return "int"  [no-any-return]
katrain\core\sgf_parser.py:263: error: Returning Any from function declared to return "str"  [no-any-return]
katrain\core\sgf_parser.py:274: error: Returning Any from function declared to return "list[Move]"  [no-any-return]
katrain\core\sgf_parser.py:307: error: Returning Any from function declared to return "list[Move]"  [no-any-return]
katrain\core\sgf_parser.py:315: error: Missing return statement  [return]
katrain\core\sgf_parser.py:329: error: Incompatible return value type (got "Union[Literal[False], Move, Any, None]", expected "bool")  [return-value]
katrain\core\sgf_parser.py:353: error: Incompatible types in assignment (expression has type "Optional[SGFNode]", variable has type "SGFNode")  [assignment]
katrain\core\sgf_parser.py:361: error: Returning Any from function declared to return "SGFNode"  [no-any-return]
katrain\core\sgf_parser.py:457: error: Returning Any from function declared to return "SGFNode"  [no-any-return]
katrain\core\sgf_parser.py:484: error: Returning Any from function declared to return "SGFNode"  [no-any-return]
katrain\core\sgf_parser.py:486: error: Returning Any from function declared to return "SGFNode"  [no-any-return]
katrain\core\game_node.py:291: error: "SGFNode" has no attribute "update_move_analysis"  [attr-defined]
katrain\core\game_node.py:318: error: Missing return statement  [return]
katrain\core\game_node.py:320: error: Returning Any from function declared to return "Optional[float]"  [no-any-return]
katrain\core\game_node.py:330: error: Missing return statement  [return]
katrain\core\game_node.py:332: error: Returning Any from function declared to return "Optional[float]"  [no-any-return]
katrain\core\game_node.py:344: error: "SGFNode" has no attribute "policy_ranking"  [attr-defined]
katrain\core\game_node.py:424: error: Missing return statement  [return]
katrain\core\game_node.py:426: error: "SGFNode" has no attribute "analysis_exists"  [attr-defined]
katrain\core\game_node.py:427: error: "SGFNode" has no attribute "score"  [attr-defined]
katrain\core\game_node.py:429: error: Returning Any from function declared to return "Optional[float]"  [no-any-return]
katrain\core\game_node.py:432: error: Missing return statement  [return]
katrain\core\game_node.py:439: error: "SGFNode" has no attribute "analysis_exists"  [attr-defined]
katrain\core\game_node.py:441: error: "SGFNode" has no attribute "score"  [attr-defined]
katrain\core\game_node.py:443: error: Returning Any from function declared to return "Optional[float]"  [no-any-return]
katrain\core\game_node.py:486: error: Missing return statement  [return]
katrain\core\analysis\time\parser.py:121: error: Unsupported operand types for - ("None" and "float")  [operator]
katrain\core\analysis\time\parser.py:121: note: Left operand is of type "Optional[float]"
katrain\core\analysis\presentation.py:248: error: Unsupported operand type for unary - ("Optional[float]")  [operator]
katrain\core\analysis\presentation.py:416: error: Name "DifficultyMetrics" is not defined  [name-defined]
katrain\core\analysis\skill_radar.py:613: error: Returning Any from function declared to return "SkillTier"  [no-any-return]
katrain\core\analysis\skill_radar.py:617: error: Returning Any from function declared to return "float"  [no-any-return]
katrain\core\analysis\meaning_tags\classifier.py:218: error: Returning Any from function declared to return "Optional[int]"  [no-any-return]
katrain\core\analysis\logic.py:1107: error: Returning Any from function declared to return "Optional[int]"  [no-any-return]
katrain\core\analysis\logic.py:1112: error: Returning Any from function declared to return "Optional[int]"  [no-any-return]
katrain\core\analysis\risk\analyzer.py:88: error: Returning Any from function declared to return "Optional[float]"  [no-any-return]
katrain\core\analysis\risk\analyzer.py:105: error: Returning Any from function declared to return "Optional[float]"  [no-any-return]
katrain\core\analysis\risk\analyzer.py:122: error: Returning Any from function declared to return "Optional[float]"  [no-any-return]
katrain\core\analysis\risk\analyzer.py:143: error: Returning Any from function declared to return "Optional[Literal['B', 'W']]"  [no-any-return]
katrain\core\analysis\critical_moves.py:341: error: Returning Any from function declared to return "Optional[float]"  [no-any-return]
katrain\core\analysis\board_context.py:113: error: Returning Any from function declared to return "Optional[list[float]]"  [no-any-return]
katrain\core\analysis\cluster_classifier.py:237: error: Argument 1 to "add" of "set" has incompatible type "tuple[int, int, Optional[str]]"; expected "tuple[int, int, str]"  [arg-type]
katrain\core\analysis\cluster_classifier.py:788: error: Argument 1 to "compute_stones_at_node" has incompatible type "SGFNode"; expected "GameNode"  [arg-type]
katrain\core\analysis\cluster_classifier.py:794: error: Argument 2 to "build_classification_context" has incompatible type "SGFNode"; expected "GameNode"  [arg-type]
katrain\core\analysis\cluster_classifier.py:803: error: Argument 1 to "extract_clusters_from_nodes" has incompatible type "SGFNode"; expected "GameNode"  [arg-type]
katrain\core\analysis\__init__.py:383: error: Incompatible import of "compute_confidence" (imported name has type "Callable[[ClusterSemantics, float, int], float]", local name has type "Callable[[float, float], float]")  [assignment]
katrain\core\analysis\engine_compare.py:264: error: Returning Any from function declared to return "Optional[float]"  [no-any-return]
katrain\core\analysis\engine_compare.py:334: error: Returning Any from function declared to return "Optional[float]"  [no-any-return]
katrain\core\analysis\engine_compare.py:444: error: Argument 1 to "compute_spearman_manual" has incompatible type "list[tuple[Optional[float], Optional[float]]]"; expected "list[tuple[float, float]]"  [arg-type]
Found 70 errors in 18 files (checked 30 source files)
